  stdafx.cpp
  ConsoleApplication3.cpp
E:\workspace\xiaoyouxi\ConsoleApplication3\ConsoleApplication3.cpp(91,128): warning C4244: “参数”: 从“double”转换到“int”，可能丢失数据
E:\workspace\xiaoyouxi\ConsoleApplication3\ConsoleApplication3.cpp(91,109): warning C4244: “参数”: 从“double”转换到“int”，可能丢失数据
E:\workspace\xiaoyouxi\ConsoleApplication3\ConsoleApplication3.cpp(94,120): warning C4244: “参数”: 从“double”转换到“int”，可能丢失数据
E:\workspace\xiaoyouxi\ConsoleApplication3\ConsoleApplication3.cpp(94,105): warning C4244: “参数”: 从“double”转换到“int”，可能丢失数据
E:\workspace\xiaoyouxi\ConsoleApplication3\ConsoleApplication3.cpp(116,31): warning C4244: “参数”: 从“double”转换到“int”，可能丢失数据
E:\workspace\xiaoyouxi\ConsoleApplication3\ConsoleApplication3.cpp(116,26): warning C4244: “参数”: 从“double”转换到“int”，可能丢失数据
E:\workspace\xiaoyouxi\ConsoleApplication3\ConsoleApplication3.cpp(141,59): warning C4244: “参数”: 从“double”转换到“int”，可能丢失数据
E:\workspace\xiaoyouxi\ConsoleApplication3\ConsoleApplication3.cpp(141,34): warning C4244: “参数”: 从“double”转换到“int”，可能丢失数据
E:\workspace\xiaoyouxi\ConsoleApplication3\ConsoleApplication3.cpp(167,53): warning C4244: “参数”: 从“double”转换到“int”，可能丢失数据
E:\workspace\xiaoyouxi\ConsoleApplication3\ConsoleApplication3.cpp(167,25): warning C4244: “参数”: 从“double”转换到“int”，可能丢失数据
E:\workspace\xiaoyouxi\ConsoleApplication3\ConsoleApplication3.cpp(309,31): warning C4244: “参数”: 从“double”转换到“int”，可能丢失数据
E:\workspace\xiaoyouxi\ConsoleApplication3\ConsoleApplication3.cpp(309,21): warning C4244: “参数”: 从“double”转换到“int”，可能丢失数据
E:\workspace\xiaoyouxi\ConsoleApplication3\ConsoleApplication3.cpp(317,36): warning C4244: “参数”: 从“double”转换到“int”，可能丢失数据
E:\workspace\xiaoyouxi\ConsoleApplication3\ConsoleApplication3.cpp(317,24): warning C4244: “参数”: 从“double”转换到“int”，可能丢失数据
E:\workspace\xiaoyouxi\ConsoleApplication3\ConsoleApplication3.cpp(325,36): warning C4244: “参数”: 从“double”转换到“int”，可能丢失数据
E:\workspace\xiaoyouxi\ConsoleApplication3\ConsoleApplication3.cpp(325,24): warning C4244: “参数”: 从“double”转换到“int”，可能丢失数据
E:\workspace\xiaoyouxi\ConsoleApplication3\ConsoleApplication3.cpp(333,31): warning C4244: “参数”: 从“double”转换到“int”，可能丢失数据
E:\workspace\xiaoyouxi\ConsoleApplication3\ConsoleApplication3.cpp(333,21): warning C4244: “参数”: 从“double”转换到“int”，可能丢失数据
E:\workspace\xiaoyouxi\ConsoleApplication3\ConsoleApplication3.cpp(372,148): warning C4244: “参数”: 从“double”转换到“int”，可能丢失数据
E:\workspace\xiaoyouxi\ConsoleApplication3\ConsoleApplication3.cpp(372,125): warning C4244: “参数”: 从“double”转换到“int”，可能丢失数据
E:\workspace\xiaoyouxi\ConsoleApplication3\ConsoleApplication3.cpp(372,81): warning C4244: “参数”: 从“double”转换到“int”，可能丢失数据
E:\workspace\xiaoyouxi\ConsoleApplication3\ConsoleApplication3.cpp(372,37): warning C4244: “参数”: 从“double”转换到“int”，可能丢失数据
E:\workspace\xiaoyouxi\ConsoleApplication3\ConsoleApplication3.cpp(440,31): warning C4244: “参数”: 从“double”转换到“int”，可能丢失数据
E:\workspace\xiaoyouxi\ConsoleApplication3\ConsoleApplication3.cpp(440,26): warning C4244: “参数”: 从“double”转换到“int”，可能丢失数据
E:\workspace\xiaoyouxi\ConsoleApplication3\ConsoleApplication3.cpp(488,9): warning C4244: “初始化”: 从“double”转换到“int”，可能丢失数据
E:\workspace\xiaoyouxi\ConsoleApplication3\ConsoleApplication3.cpp(489,9): warning C4244: “初始化”: 从“double”转换到“int”，可能丢失数据
E:\workspace\xiaoyouxi\ConsoleApplication3\ConsoleApplication3.cpp(500,55): warning C4244: “参数”: 从“double”转换到“int”，可能丢失数据
E:\workspace\xiaoyouxi\ConsoleApplication3\ConsoleApplication3.cpp(500,42): warning C4244: “参数”: 从“double”转换到“int”，可能丢失数据
E:\workspace\xiaoyouxi\ConsoleApplication3\ConsoleApplication3.cpp(590,54): warning C4244: “参数”: 从“double”转换到“int”，可能丢失数据
E:\workspace\xiaoyouxi\ConsoleApplication3\ConsoleApplication3.cpp(659,75): warning C4244: “参数”: 从“double”转换到“int”，可能丢失数据
E:\workspace\xiaoyouxi\ConsoleApplication3\ConsoleApplication3.cpp(659,36): warning C4244: “参数”: 从“double”转换到“int”，可能丢失数据
E:\workspace\xiaoyouxi\ConsoleApplication3\ConsoleApplication3.cpp(662,36): warning C4244: “参数”: 从“double”转换到“int”，可能丢失数据
E:\workspace\xiaoyouxi\ConsoleApplication3\ConsoleApplication3.cpp(662,21): warning C4244: “参数”: 从“double”转换到“int”，可能丢失数据
E:\workspace\xiaoyouxi\ConsoleApplication3\ConsoleApplication3.cpp(663,183): warning C4244: “参数”: 从“double”转换到“int”，可能丢失数据
E:\workspace\xiaoyouxi\ConsoleApplication3\ConsoleApplication3.cpp(663,151): warning C4244: “参数”: 从“double”转换到“int”，可能丢失数据
E:\workspace\xiaoyouxi\ConsoleApplication3\ConsoleApplication3.cpp(663,89): warning C4244: “参数”: 从“double”转换到“int”，可能丢失数据
E:\workspace\xiaoyouxi\ConsoleApplication3\ConsoleApplication3.cpp(663,37): warning C4244: “参数”: 从“double”转换到“int”，可能丢失数据
E:\workspace\xiaoyouxi\ConsoleApplication3\ConsoleApplication3.cpp(734,19): warning C4101: “exc”: 未引用的局部变量
E:\workspace\xiaoyouxi\ConsoleApplication3\ConsoleApplication3.cpp(753,54): warning C4244: “参数”: 从“double”转换到“int”，可能丢失数据
E:\workspace\xiaoyouxi\ConsoleApplication3\ConsoleApplication3.cpp(810,54): warning C4244: “参数”: 从“double”转换到“int”，可能丢失数据
E:\workspace\xiaoyouxi\ConsoleApplication3\ConsoleApplication3.cpp(810,18): warning C4244: “参数”: 从“double”转换到“int”，可能丢失数据
E:\workspace\xiaoyouxi\ConsoleApplication3\ConsoleApplication3.cpp(811,141): warning C4244: “参数”: 从“double”转换到“int”，可能丢失数据
E:\workspace\xiaoyouxi\ConsoleApplication3\ConsoleApplication3.cpp(811,118): warning C4244: “参数”: 从“double”转换到“int”，可能丢失数据
E:\workspace\xiaoyouxi\ConsoleApplication3\ConsoleApplication3.cpp(811,74): warning C4244: “参数”: 从“double”转换到“int”，可能丢失数据
E:\workspace\xiaoyouxi\ConsoleApplication3\ConsoleApplication3.cpp(811,34): warning C4244: “参数”: 从“double”转换到“int”，可能丢失数据
E:\workspace\xiaoyouxi\ConsoleApplication3\ConsoleApplication3.cpp(817,13): warning C4244: “参数”: 从“time_t”转换到“unsigned int”，可能丢失数据
  正在生成代码
  148 of 151 functions (98.0%) were compiled, the rest were copied from previous compilation.
    0 functions were new in current compilation
    1 functions had inline decision re-evaluated but remain unchanged
  已完成代码的生成
  ConsoleApplication3.vcxproj -> E:\workspace\xiaoyouxi\x64\Release\ConsoleApplication3.exe
